# JRE version: Java(TM) SE Runtime Environment (8.0_301-b09) (build 1.8.0_301-b09)
# Java VM: Java HotSpot(TM) 64-Bit Server VM (25.301-b09 mixed mode windows-amd64 compressed oops)
Heap:
 par new generation   total 314560K, used 290627K [0x00000000c0000000, 0x00000000d5550000, 0x00000000d5550000)
  eden space 279616K,  98% used [0x00000000c0000000, 0x00000000d0d8dac8, 0x00000000d1110000)
  from space 34944K,  41% used [0x00000000d3330000, 0x00000000d4173338, 0x00000000d5550000)
  to   space 34944K,   0% used [0x00000000d1110000, 0x00000000d1110000, 0x00000000d3330000)
 concurrent mark-sweep generation total 699072K, used 155398K [0x00000000d5550000, 0x0000000100000000, 0x0000000100000000)
 Metaspace       used 39248K, capacity 39515K, committed 39700K, reserved 1085440K
  class space    used 4551K, capacity 4640K, committed 4676K, reserved 1048576K
GC Heap History (10 events):
Event: 8.036 GC heap before
{Heap before GC invocations=5 (full 2):
 par new generation   total 314560K, used 0K [0x00000000c0000000, 0x00000000d5550000, 0x00000000d5550000)
  eden space 279616K,   0% used [0x00000000c0000000, 0x00000000c0000000, 0x00000000d1110000)
  from space 34944K,   0% used [0x00000000d1110000, 0x00000000d1110000, 0x00000000d3330000)
  to   space 34944K,   0% used [0x00000000d3330000, 0x00000000d3330000, 0x00000000d5550000)
 concurrent mark-sweep generation total 699072K, used 66981K [0x00000000d5550000, 0x0000000100000000, 0x0000000100000000)
 Metaspace       used 33158K, capacity 33337K, committed 33580K, reserved 1079296K
  class space    used 4172K, capacity 4229K, committed 4292K, reserved 1048576K
Event: 8.123 GC heap after
Heap after GC invocations=6 (full 3):
 par new generation   total 314560K, used 0K [0x00000000c0000000, 0x00000000d5550000, 0x00000000d5550000)
  eden space 279616K,   0% used [0x00000000c0000000, 0x00000000c0000000, 0x00000000d1110000)
  from space 34944K,   0% used [0x00000000d1110000, 0x00000000d1110000, 0x00000000d3330000)
  to   space 34944K,   0% used [0x00000000d3330000, 0x00000000d3330000, 0x00000000d5550000)
 concurrent mark-sweep generation total 699072K, used 66981K [0x00000000d5550000, 0x0000000100000000, 0x0000000100000000)
 Metaspace       used 33158K, capacity 33337K, committed 33580K, reserved 1079296K
  class space    used 4172K, capacity 4229K, committed 4292K, reserved 1048576K
}
Event: 8.884 GC heap before
{Heap before GC invocations=6 (full 3):
 par new generation   total 314560K, used 198202K [0x00000000c0000000, 0x00000000d5550000, 0x00000000d5550000)
  eden space 279616K,  70% used [0x00000000c0000000, 0x00000000cc18eac0, 0x00000000d1110000)
  from space 34944K,   0% used [0x00000000d1110000, 0x00000000d1110000, 0x00000000d3330000)
  to   space 34944K,   0% used [0x00000000d3330000, 0x00000000d3330000, 0x00000000d5550000)
 concurrent mark-sweep generation total 699072K, used 66981K [0x00000000d5550000, 0x0000000100000000, 0x0000000100000000)
 Metaspace       used 36395K, capacity 36675K, committed 36884K, reserved 1081344K
  class space    used 4476K, capacity 4572K, committed 4676K, reserved 1048576K
Event: 9.086 GC heap after
Heap after GC invocations=7 (full 4):
 par new generation   total 314560K, used 0K [0x00000000c0000000, 0x00000000d5550000, 0x00000000d5550000)
  eden space 279616K,   0% used [0x00000000c0000000, 0x00000000c0000000, 0x00000000d1110000)
  from space 34944K,   0% used [0x00000000d1110000, 0x00000000d1110000, 0x00000000d3330000)
  to   space 34944K,   0% used [0x00000000d3330000, 0x00000000d3330000, 0x00000000d5550000)
 concurrent mark-sweep generation total 699072K, used 139618K [0x00000000d5550000, 0x0000000100000000, 0x0000000100000000)
 Metaspace       used 36395K, capacity 36675K, committed 36884K, reserved 1081344K
  class space    used 4476K, capacity 4572K, committed 4676K, reserved 1048576K
}
Event: 10.203 GC heap before
{Heap before GC invocations=7 (full 5):
 par new generation   total 314560K, used 279616K [0x00000000c0000000, 0x00000000d5550000, 0x00000000d5550000)
  eden space 279616K, 100% used [0x00000000c0000000, 0x00000000d1110000, 0x00000000d1110000)
  from space 34944K,   0% used [0x00000000d1110000, 0x00000000d1110000, 0x00000000d3330000)
  to   space 34944K,   0% used [0x00000000d3330000, 0x00000000d3330000, 0x00000000d5550000)
 concurrent mark-sweep generation total 699072K, used 139618K [0x00000000d5550000, 0x0000000100000000, 0x0000000100000000)
 Metaspace       used 38041K, capacity 38357K, committed 38676K, reserved 1083392K
  class space    used 4545K, capacity 4639K, committed 4676K, reserved 1048576K
Event: 10.208 GC heap after
Heap after GC invocations=8 (full 5):
 par new generation   total 314560K, used 33739K [0x00000000c0000000, 0x00000000d5550000, 0x00000000d5550000)
  eden space 279616K,   0% used [0x00000000c0000000, 0x00000000c0000000, 0x00000000d1110000)
  from space 34944K,  96% used [0x00000000d3330000, 0x00000000d5422c88, 0x00000000d5550000)
  to   space 34944K,   0% used [0x00000000d1110000, 0x00000000d1110000, 0x00000000d3330000)
 concurrent mark-sweep generation total 699072K, used 139618K [0x00000000d5550000, 0x0000000100000000, 0x0000000100000000)
 Metaspace       used 38041K, capacity 38357K, committed 38676K, reserved 1083392K
  class space    used 4545K, capacity 4639K, committed 4676K, reserved 1048576K
}
Event: 16.110 GC heap before
{Heap before GC invocations=8 (full 5):
 par new generation   total 314560K, used 313355K [0x00000000c0000000, 0x00000000d5550000, 0x00000000d5550000)
  eden space 279616K, 100% used [0x00000000c0000000, 0x00000000d1110000, 0x00000000d1110000)
  from space 34944K,  96% used [0x00000000d3330000, 0x00000000d5422c88, 0x00000000d5550000)
  to   space 34944K,   0% used [0x00000000d1110000, 0x00000000d1110000, 0x00000000d3330000)
 concurrent mark-sweep generation total 699072K, used 137945K [0x00000000d5550000, 0x0000000100000000, 0x0000000100000000)
 Metaspace       used 38934K, capacity 39189K, committed 39444K, reserved 1083392K
  class space    used 4547K, capacity 4639K, committed 4676K, reserved 1048576K
Event: 16.123 GC heap after
Heap after GC invocations=9 (full 5):
 par new generation   total 314560K, used 27575K [0x00000000c0000000, 0x00000000d5550000, 0x00000000d5550000)
  eden space 279616K,   0% used [0x00000000c0000000, 0x00000000c0000000, 0x00000000d1110000)
  from space 34944K,  78% used [0x00000000d1110000, 0x00000000d2bfdef0, 0x00000000d3330000)
  to   space 34944K,   0% used [0x00000000d3330000, 0x00000000d3330000, 0x00000000d5550000)
 concurrent mark-sweep generation total 699072K, used 155398K [0x00000000d5550000, 0x0000000100000000, 0x0000000100000000)
 Metaspace       used 38934K, capacity 39189K, committed 39444K, reserved 1083392K
  class space    used 4547K, capacity 4639K, committed 4676K, reserved 1048576K
}
Event: 37.732 GC heap before
{Heap before GC invocations=9 (full 6):
 par new generation   total 314560K, used 307191K [0x00000000c0000000, 0x00000000d5550000, 0x00000000d5550000)
  eden space 279616K, 100% used [0x00000000c0000000, 0x00000000d1110000, 0x00000000d1110000)
  from space 34944K,  78% used [0x00000000d1110000, 0x00000000d2bfdef0, 0x00000000d3330000)
  to   space 34944K,   0% used [0x00000000d3330000, 0x00000000d3330000, 0x00000000d5550000)
 concurrent mark-sweep generation total 699072K, used 155398K [0x00000000d5550000, 0x0000000100000000, 0x0000000100000000)
 Metaspace       used 39219K, capacity 39451K, committed 39700K, reserved 1085440K
  class space    used 4551K, capacity 4640K, committed 4676K, reserved 1048576K
Event: 37.735 GC heap after
Heap after GC invocations=10 (full 6):
 par new generation   total 314560K, used 14604K [0x00000000c0000000, 0x00000000d5550000, 0x00000000d5550000)
  eden space 279616K,   0% used [0x00000000c0000000, 0x00000000c0000000, 0x00000000d1110000)
  from space 34944K,  41% used [0x00000000d3330000, 0x00000000d4173338, 0x00000000d5550000)
  to   space 34944K,   0% used [0x00000000d1110000, 0x00000000d1110000, 0x00000000d3330000)
 concurrent mark-sweep generation total 699072K, used 155398K [0x00000000d5550000, 0x0000000100000000, 0x0000000100000000)
 Metaspace       used 39219K, capacity 39451K, committed 39700K, reserved 1085440K
  class space    used 4551K, capacity 4640K, committed 4676K, reserved 1048576K
}

