# JRE version: Java(TM) SE Runtime Environment (8.0_301-b09) (build 1.8.0_301-b09)
# Java VM: Java HotSpot(TM) 64-Bit Server VM (25.301-b09 mixed mode windows-amd64 compressed oops)
Heap:
 par new generation   total 314560K, used 194868K [0x00000000c0000000, 0x00000000d5550000, 0x00000000d5550000)
  eden space 279616K,  63% used [0x00000000c0000000, 0x00000000cadafb68, 0x00000000d1110000)
  from space 34944K,  48% used [0x00000000d3330000, 0x00000000d43cd4f8, 0x00000000d5550000)
  to   space 34944K,   0% used [0x00000000d1110000, 0x00000000d1110000, 0x00000000d3330000)
 concurrent mark-sweep generation total 699072K, used 141389K [0x00000000d5550000, 0x0000000100000000, 0x0000000100000000)
 Metaspace       used 39603K, capacity 39921K, committed 40312K, reserved 1085440K
  class space    used 4591K, capacity 4697K, committed 4804K, reserved 1048576K
GC Heap History (10 events):
Event: 42.755 GC heap before
{Heap before GC invocations=8 (full 4):
 par new generation   total 314560K, used 314560K [0x00000000c0000000, 0x00000000d5550000, 0x00000000d5550000)
  eden space 279616K, 100% used [0x00000000c0000000, 0x00000000d1110000, 0x00000000d1110000)
  from space 34944K, 100% used [0x00000000d1110000, 0x00000000d3330000, 0x00000000d3330000)
  to   space 34944K,   0% used [0x00000000d3330000, 0x00000000d3330000, 0x00000000d5550000)
 concurrent mark-sweep generation total 699072K, used 130696K [0x00000000d5550000, 0x0000000100000000, 0x0000000100000000)
 Metaspace       used 38936K, capacity 39189K, committed 39416K, reserved 1083392K
  class space    used 4547K, capacity 4639K, committed 4676K, reserved 1048576K
Event: 42.765 GC heap after
Heap after GC invocations=9 (full 4):
 par new generation   total 314560K, used 30726K [0x00000000c0000000, 0x00000000d5550000, 0x00000000d5550000)
  eden space 279616K,   0% used [0x00000000c0000000, 0x00000000c0000000, 0x00000000d1110000)
  from space 34944K,  87% used [0x00000000d3330000, 0x00000000d5131a68, 0x00000000d5550000)
  to   space 34944K,   0% used [0x00000000d1110000, 0x00000000d1110000, 0x00000000d3330000)
 concurrent mark-sweep generation total 699072K, used 140028K [0x00000000d5550000, 0x0000000100000000, 0x0000000100000000)
 Metaspace       used 38936K, capacity 39189K, committed 39416K, reserved 1083392K
  class space    used 4547K, capacity 4639K, committed 4676K, reserved 1048576K
}
Event: 56.070 GC heap before
{Heap before GC invocations=9 (full 5):
 par new generation   total 314560K, used 310335K [0x00000000c0000000, 0x00000000d5550000, 0x00000000d5550000)
  eden space 279616K,  99% used [0x00000000c0000000, 0x00000000d110e388, 0x00000000d1110000)
  from space 34944K,  87% used [0x00000000d3330000, 0x00000000d5131a68, 0x00000000d5550000)
  to   space 34944K,   0% used [0x00000000d1110000, 0x00000000d1110000, 0x00000000d3330000)
 concurrent mark-sweep generation total 699072K, used 140028K [0x00000000d5550000, 0x0000000100000000, 0x0000000100000000)
 Metaspace       used 39355K, capacity 39613K, committed 40056K, reserved 1085440K
  class space    used 4584K, capacity 4689K, committed 4804K, reserved 1048576K
Event: 56.082 GC heap after
Heap after GC invocations=10 (full 5):
 par new generation   total 314560K, used 25382K [0x00000000c0000000, 0x00000000d5550000, 0x00000000d5550000)
  eden space 279616K,   0% used [0x00000000c0000000, 0x00000000c0000000, 0x00000000d1110000)
  from space 34944K,  72% used [0x00000000d1110000, 0x00000000d29d9998, 0x00000000d3330000)
  to   space 34944K,   0% used [0x00000000d3330000, 0x00000000d3330000, 0x00000000d5550000)
 concurrent mark-sweep generation total 699072K, used 157067K [0x00000000d5550000, 0x0000000100000000, 0x0000000100000000)
 Metaspace       used 39355K, capacity 39613K, committed 40056K, reserved 1085440K
  class space    used 4584K, capacity 4689K, committed 4804K, reserved 1048576K
}
Event: 71.713 GC heap before
{Heap before GC invocations=10 (full 5):
 par new generation   total 314560K, used 304998K [0x00000000c0000000, 0x00000000d5550000, 0x00000000d5550000)
  eden space 279616K, 100% used [0x00000000c0000000, 0x00000000d1110000, 0x00000000d1110000)
  from space 34944K,  72% used [0x00000000d1110000, 0x00000000d29d9998, 0x00000000d3330000)
  to   space 34944K,   0% used [0x00000000d3330000, 0x00000000d3330000, 0x00000000d5550000)
 concurrent mark-sweep generation total 699072K, used 157067K [0x00000000d5550000, 0x0000000100000000, 0x0000000100000000)
 Metaspace       used 39440K, capacity 39787K, committed 40056K, reserved 1085440K
  class space    used 4589K, capacity 4696K, committed 4804K, reserved 1048576K
Event: 71.716 GC heap after
Heap after GC invocations=11 (full 5):
 par new generation   total 314560K, used 13966K [0x00000000c0000000, 0x00000000d5550000, 0x00000000d5550000)
  eden space 279616K,   0% used [0x00000000c0000000, 0x00000000c0000000, 0x00000000d1110000)
  from space 34944K,  39% used [0x00000000d3330000, 0x00000000d40d3b30, 0x00000000d5550000)
  to   space 34944K,   0% used [0x00000000d1110000, 0x00000000d1110000, 0x00000000d3330000)
 concurrent mark-sweep generation total 699072K, used 157067K [0x00000000d5550000, 0x0000000100000000, 0x0000000100000000)
 Metaspace       used 39440K, capacity 39787K, committed 40056K, reserved 1085440K
  class space    used 4589K, capacity 4696K, committed 4804K, reserved 1048576K
}
Event: 84.617 GC heap before
{Heap before GC invocations=11 (full 5):
 par new generation   total 314560K, used 293582K [0x00000000c0000000, 0x00000000d5550000, 0x00000000d5550000)
  eden space 279616K, 100% used [0x00000000c0000000, 0x00000000d1110000, 0x00000000d1110000)
  from space 34944K,  39% used [0x00000000d3330000, 0x00000000d40d3b30, 0x00000000d5550000)
  to   space 34944K,   0% used [0x00000000d1110000, 0x00000000d1110000, 0x00000000d3330000)
 concurrent mark-sweep generation total 699072K, used 141389K [0x00000000d5550000, 0x0000000100000000, 0x0000000100000000)
 Metaspace       used 39491K, capacity 39857K, committed 40056K, reserved 1085440K
  class space    used 4590K, capacity 4697K, committed 4804K, reserved 1048576K
Event: 84.620 GC heap after
Heap after GC invocations=12 (full 5):
 par new generation   total 314560K, used 15142K [0x00000000c0000000, 0x00000000d5550000, 0x00000000d5550000)
  eden space 279616K,   0% used [0x00000000c0000000, 0x00000000c0000000, 0x00000000d1110000)
  from space 34944K,  43% used [0x00000000d1110000, 0x00000000d1fd98b8, 0x00000000d3330000)
  to   space 34944K,   0% used [0x00000000d3330000, 0x00000000d3330000, 0x00000000d5550000)
 concurrent mark-sweep generation total 699072K, used 141389K [0x00000000d5550000, 0x0000000100000000, 0x0000000100000000)
 Metaspace       used 39491K, capacity 39857K, committed 40056K, reserved 1085440K
  class space    used 4590K, capacity 4697K, committed 4804K, reserved 1048576K
}
Event: 101.534 GC heap before
{Heap before GC invocations=12 (full 5):
 par new generation   total 314560K, used 294758K [0x00000000c0000000, 0x00000000d5550000, 0x00000000d5550000)
  eden space 279616K, 100% used [0x00000000c0000000, 0x00000000d1110000, 0x00000000d1110000)
  from space 34944K,  43% used [0x00000000d1110000, 0x00000000d1fd98b8, 0x00000000d3330000)
  to   space 34944K,   0% used [0x00000000d3330000, 0x00000000d3330000, 0x00000000d5550000)
 concurrent mark-sweep generation total 699072K, used 141389K [0x00000000d5550000, 0x0000000100000000, 0x0000000100000000)
 Metaspace       used 39533K, capacity 39857K, committed 40056K, reserved 1085440K
  class space    used 4590K, capacity 4697K, committed 4804K, reserved 1048576K
Event: 101.537 GC heap after
Heap after GC invocations=13 (full 5):
 par new generation   total 314560K, used 17013K [0x00000000c0000000, 0x00000000d5550000, 0x00000000d5550000)
  eden space 279616K,   0% used [0x00000000c0000000, 0x00000000c0000000, 0x00000000d1110000)
  from space 34944K,  48% used [0x00000000d3330000, 0x00000000d43cd4f8, 0x00000000d5550000)
  to   space 34944K,   0% used [0x00000000d1110000, 0x00000000d1110000, 0x00000000d3330000)
 concurrent mark-sweep generation total 699072K, used 141389K [0x00000000d5550000, 0x0000000100000000, 0x0000000100000000)
 Metaspace       used 39533K, capacity 39857K, committed 40056K, reserved 1085440K
  class space    used 4590K, capacity 4697K, committed 4804K, reserved 1048576K
}

