# JRE version: Java(TM) SE Runtime Environment (8.0_301-b09) (build 1.8.0_301-b09)
# Java VM: Java HotSpot(TM) 64-Bit Server VM (25.301-b09 mixed mode windows-amd64 compressed oops)
Heap:
 par new generation   total 314560K, used 276372K [0x00000000c0000000, 0x00000000d5550000, 0x00000000d5550000)
  eden space 279616K,  89% used [0x00000000c0000000, 0x00000000cf59d330, 0x00000000d1110000)
  from space 34944K,  71% used [0x00000000d3330000, 0x00000000d4b77dd0, 0x00000000d5550000)
  to   space 34944K,   0% used [0x00000000d1110000, 0x00000000d1110000, 0x00000000d3330000)
 concurrent mark-sweep generation total 699072K, used 138101K [0x00000000d5550000, 0x0000000100000000, 0x0000000100000000)
 Metaspace       used 38826K, capacity 39113K, committed 39444K, reserved 1083392K
  class space    used 4549K, capacity 4637K, committed 4676K, reserved 1048576K
GC Heap History (10 events):
Event: 4.900 GC heap before
{Heap before GC invocations=3 (full 1):
 par new generation   total 314560K, used 311956K [0x00000000c0000000, 0x00000000d5550000, 0x00000000d5550000)
  eden space 279616K, 100% used [0x00000000c0000000, 0x00000000d1110000, 0x00000000d1110000)
  from space 34944K,  92% used [0x00000000d3330000, 0x00000000d52c5138, 0x00000000d5550000)
  to   space 34944K,   0% used [0x00000000d1110000, 0x00000000d1110000, 0x00000000d3330000)
 concurrent mark-sweep generation total 699072K, used 56660K [0x00000000d5550000, 0x0000000100000000, 0x0000000100000000)
 Metaspace       used 32872K, capacity 33081K, committed 33504K, reserved 1079296K
  class space    used 4151K, capacity 4229K, committed 4292K, reserved 1048576K
Event: 4.911 GC heap after
Heap after GC invocations=4 (full 1):
 par new generation   total 314560K, used 27000K [0x00000000c0000000, 0x00000000d5550000, 0x00000000d5550000)
  eden space 279616K,   0% used [0x00000000c0000000, 0x00000000c0000000, 0x00000000d1110000)
  from space 34944K,  77% used [0x00000000d1110000, 0x00000000d2b6e150, 0x00000000d3330000)
  to   space 34944K,   0% used [0x00000000d3330000, 0x00000000d3330000, 0x00000000d5550000)
 concurrent mark-sweep generation total 699072K, used 56660K [0x00000000d5550000, 0x0000000100000000, 0x0000000100000000)
 Metaspace       used 32872K, capacity 33081K, committed 33504K, reserved 1079296K
  class space    used 4151K, capacity 4229K, committed 4292K, reserved 1048576K
}
Event: 14.671 GC heap before
{Heap before GC invocations=4 (full 1):
 par new generation   total 314560K, used 113604K [0x00000000c0000000, 0x00000000d5550000, 0x00000000d5550000)
  eden space 279616K,  30% used [0x00000000c0000000, 0x00000000c5493268, 0x00000000d1110000)
  from space 34944K,  77% used [0x00000000d1110000, 0x00000000d2b6e150, 0x00000000d3330000)
  to   space 34944K,   0% used [0x00000000d3330000, 0x00000000d3330000, 0x00000000d5550000)
 concurrent mark-sweep generation total 699072K, used 56660K [0x00000000d5550000, 0x0000000100000000, 0x0000000100000000)
 Metaspace       used 33342K, capacity 33529K, committed 33836K, reserved 1079296K
  class space    used 4173K, capacity 4229K, committed 4292K, reserved 1048576K
Event: 14.802 GC heap after
Heap after GC invocations=5 (full 2):
 par new generation   total 314560K, used 0K [0x00000000c0000000, 0x00000000d5550000, 0x00000000d5550000)
  eden space 279616K,   0% used [0x00000000c0000000, 0x00000000c0000000, 0x00000000d1110000)
  from space 34944K,   0% used [0x00000000d1110000, 0x00000000d1110000, 0x00000000d3330000)
  to   space 34944K,   0% used [0x00000000d3330000, 0x00000000d3330000, 0x00000000d5550000)
 concurrent mark-sweep generation total 699072K, used 66964K [0x00000000d5550000, 0x0000000100000000, 0x0000000100000000)
 Metaspace       used 33342K, capacity 33529K, committed 33836K, reserved 1079296K
  class space    used 4173K, capacity 4229K, committed 4292K, reserved 1048576K
}
Event: 14.802 GC heap before
{Heap before GC invocations=5 (full 2):
 par new generation   total 314560K, used 0K [0x00000000c0000000, 0x00000000d5550000, 0x00000000d5550000)
  eden space 279616K,   0% used [0x00000000c0000000, 0x00000000c0000000, 0x00000000d1110000)
  from space 34944K,   0% used [0x00000000d1110000, 0x00000000d1110000, 0x00000000d3330000)
  to   space 34944K,   0% used [0x00000000d3330000, 0x00000000d3330000, 0x00000000d5550000)
 concurrent mark-sweep generation total 699072K, used 66964K [0x00000000d5550000, 0x0000000100000000, 0x0000000100000000)
 Metaspace       used 33342K, capacity 33529K, committed 33836K, reserved 1079296K
  class space    used 4173K, capacity 4229K, committed 4292K, reserved 1048576K
Event: 14.893 GC heap after
Heap after GC invocations=6 (full 3):
 par new generation   total 314560K, used 0K [0x00000000c0000000, 0x00000000d5550000, 0x00000000d5550000)
  eden space 279616K,   0% used [0x00000000c0000000, 0x00000000c0000000, 0x00000000d1110000)
  from space 34944K,   0% used [0x00000000d1110000, 0x00000000d1110000, 0x00000000d3330000)
  to   space 34944K,   0% used [0x00000000d3330000, 0x00000000d3330000, 0x00000000d5550000)
 concurrent mark-sweep generation total 699072K, used 66964K [0x00000000d5550000, 0x0000000100000000, 0x0000000100000000)
 Metaspace       used 33342K, capacity 33529K, committed 33836K, reserved 1079296K
  class space    used 4173K, capacity 4229K, committed 4292K, reserved 1048576K
}
Event: 15.654 GC heap before
{Heap before GC invocations=6 (full 3):
 par new generation   total 314560K, used 200168K [0x00000000c0000000, 0x00000000d5550000, 0x00000000d5550000)
  eden space 279616K,  71% used [0x00000000c0000000, 0x00000000cc37a278, 0x00000000d1110000)
  from space 34944K,   0% used [0x00000000d1110000, 0x00000000d1110000, 0x00000000d3330000)
  to   space 34944K,   0% used [0x00000000d3330000, 0x00000000d3330000, 0x00000000d5550000)
 concurrent mark-sweep generation total 699072K, used 66964K [0x00000000d5550000, 0x0000000100000000, 0x0000000100000000)
 Metaspace       used 36572K, capacity 36809K, committed 37140K, reserved 1081344K
  class space    used 4477K, capacity 4573K, committed 4676K, reserved 1048576K
Event: 15.850 GC heap after
Heap after GC invocations=7 (full 4):
 par new generation   total 314560K, used 0K [0x00000000c0000000, 0x00000000d5550000, 0x00000000d5550000)
  eden space 279616K,   0% used [0x00000000c0000000, 0x00000000c0000000, 0x00000000d1110000)
  from space 34944K,   0% used [0x00000000d1110000, 0x00000000d1110000, 0x00000000d3330000)
  to   space 34944K,   0% used [0x00000000d3330000, 0x00000000d3330000, 0x00000000d5550000)
 concurrent mark-sweep generation total 699072K, used 139961K [0x00000000d5550000, 0x0000000100000000, 0x0000000100000000)
 Metaspace       used 36572K, capacity 36809K, committed 37140K, reserved 1081344K
  class space    used 4477K, capacity 4573K, committed 4676K, reserved 1048576K
}
Event: 19.414 GC heap before
{Heap before GC invocations=7 (full 5):
 par new generation   total 314560K, used 266174K [0x00000000c0000000, 0x00000000d5550000, 0x00000000d5550000)
  eden space 279616K,  95% used [0x00000000c0000000, 0x00000000d03ef8c0, 0x00000000d1110000)
  from space 34944K,   0% used [0x00000000d1110000, 0x00000000d1110000, 0x00000000d3330000)
  to   space 34944K,   0% used [0x00000000d3330000, 0x00000000d3330000, 0x00000000d5550000)
 concurrent mark-sweep generation total 699072K, used 139961K [0x00000000d5550000, 0x0000000100000000, 0x0000000100000000)
 Metaspace       used 38256K, capacity 38537K, committed 38676K, reserved 1083392K
  class space    used 4544K, capacity 4637K, committed 4676K, reserved 1048576K
Event: 19.418 GC heap after
Heap after GC invocations=8 (full 5):
 par new generation   total 314560K, used 24863K [0x00000000c0000000, 0x00000000d5550000, 0x00000000d5550000)
  eden space 279616K,   0% used [0x00000000c0000000, 0x00000000c0000000, 0x00000000d1110000)
  from space 34944K,  71% used [0x00000000d3330000, 0x00000000d4b77dd0, 0x00000000d5550000)
  to   space 34944K,   0% used [0x00000000d1110000, 0x00000000d1110000, 0x00000000d3330000)
 concurrent mark-sweep generation total 699072K, used 139961K [0x00000000d5550000, 0x0000000100000000, 0x0000000100000000)
 Metaspace       used 38256K, capacity 38537K, committed 38676K, reserved 1083392K
  class space    used 4544K, capacity 4637K, committed 4676K, reserved 1048576K
}

